GAMA-Unity City Example/Library/Bee/Android/Prj/IL2CPP/Gradle/unityLibrary/build/intermediates/manifest_merge_blame_file/release/manifest-merger-blame-release-report.txt
1<?xml version="1.0" encoding="utf-8"?>
2<manifest xmlns:android="http://schemas.android.com/apk/res/android"
3    package="com.unity3d.player"
4    android:installLocation="auto" >
5
6    <uses-sdk
7        android:minSdkVersion="29"
7-->src/main/AndroidManifest.xml
8        android:targetSdkVersion="32" />
8-->src/main/AndroidManifest.xml
9
10    <uses-permission android:name="android.permission.INTERNET" />
10-->src/main/AndroidManifest.xml:3:3-65
10-->src/main/AndroidManifest.xml:3:20-62
11    <uses-permission android:name="android.permission.ACCESS_NETWORK_STATE" />
11-->src/main/AndroidManifest.xml:4:3-77
11-->src/main/AndroidManifest.xml:4:20-74
12    <uses-permission android:name="android.permission.RECORD_AUDIO" />
12-->src/main/AndroidManifest.xml:5:3-69
12-->src/main/AndroidManifest.xml:5:20-66
13    <uses-permission android:name="android.permission.MODIFY_AUDIO_SETTINGS" />
13-->src/main/AndroidManifest.xml:6:3-78
13-->src/main/AndroidManifest.xml:6:20-75
14
15    <uses-feature
15-->src/main/AndroidManifest.xml:7:3-111
16        android:name="android.hardware.vr.headtracking"
16-->src/main/AndroidManifest.xml:7:17-64
17        android:required="true"
17-->src/main/AndroidManifest.xml:7:85-108
18        android:version="1" />
18-->src/main/AndroidManifest.xml:7:65-84
19    <uses-feature android:glEsVersion="0x00030000" />
19-->src/main/AndroidManifest.xml:8:3-52
19-->src/main/AndroidManifest.xml:8:17-49
20    <uses-feature
20-->src/main/AndroidManifest.xml:9:3-91
21        android:name="android.hardware.vulkan.version"
21-->src/main/AndroidManifest.xml:9:17-63
22        android:required="false" />
22-->src/main/AndroidManifest.xml:9:64-88
23    <uses-feature
23-->src/main/AndroidManifest.xml:10:3-87
24        android:name="android.hardware.microphone"
24-->src/main/AndroidManifest.xml:10:17-59
25        android:required="false" />
25-->src/main/AndroidManifest.xml:10:60-84
26    <uses-feature
26-->src/main/AndroidManifest.xml:11:3-88
27        android:name="android.hardware.touchscreen"
27-->src/main/AndroidManifest.xml:11:17-60
28        android:required="false" />
28-->src/main/AndroidManifest.xml:11:61-85
29    <uses-feature
29-->src/main/AndroidManifest.xml:12:3-99
30        android:name="android.hardware.touchscreen.multitouch"
30-->src/main/AndroidManifest.xml:12:17-71
31        android:required="false" />
31-->src/main/AndroidManifest.xml:12:72-96
32    <uses-feature
32-->src/main/AndroidManifest.xml:13:3-108
33        android:name="android.hardware.touchscreen.multitouch.distinct"
33-->src/main/AndroidManifest.xml:13:17-80
34        android:required="false" />
34-->src/main/AndroidManifest.xml:13:81-105
35
36    <application
36-->src/main/AndroidManifest.xml:14:3-36:17
37        android:allowBackup="false"
37-->src/main/AndroidManifest.xml:14:81-108
38        android:extractNativeLibs="true"
38-->src/main/AndroidManifest.xml:14:109-141
39        android:icon="@mipmap/app_icon"
39-->src/main/AndroidManifest.xml:14:49-80
40        android:label="@string/app_name"
40-->src/main/AndroidManifest.xml:14:16-48
41        android:networkSecurityConfig="@xml/network_sec_config" >
41-->src/main/AndroidManifest.xml:14:142-197
42        <meta-data
42-->src/main/AndroidManifest.xml:15:5-89
43            android:name="unityplayer.SkipPermissionsDialog"
43-->src/main/AndroidManifest.xml:15:16-64
44            android:value="false" />
44-->src/main/AndroidManifest.xml:15:65-86
45        <meta-data
45-->src/main/AndroidManifest.xml:16:5-97
46            android:name="com.samsung.android.vr.application.mode"
46-->src/main/AndroidManifest.xml:16:16-70
47            android:value="vr_only" />
47-->src/main/AndroidManifest.xml:16:71-94
48        <meta-data
48-->src/main/AndroidManifest.xml:17:5-69
49            android:name="unity.splash-mode"
49-->src/main/AndroidManifest.xml:17:16-48
50            android:value="0" />
50-->src/main/AndroidManifest.xml:17:49-66
51        <meta-data
51-->src/main/AndroidManifest.xml:18:5-74
52            android:name="unity.splash-enable"
52-->src/main/AndroidManifest.xml:18:16-50
53            android:value="True" />
53-->src/main/AndroidManifest.xml:18:51-71
54        <meta-data
54-->src/main/AndroidManifest.xml:19:5-78
55            android:name="unity.launch-fullscreen"
55-->src/main/AndroidManifest.xml:19:16-54
56            android:value="True" />
56-->src/main/AndroidManifest.xml:19:55-75
57        <meta-data
57-->src/main/AndroidManifest.xml:20:5-84
58            android:name="unity.allow-resizable-window"
58-->src/main/AndroidManifest.xml:20:16-59
59            android:value="False" />
59-->src/main/AndroidManifest.xml:20:60-81
60        <meta-data
60-->src/main/AndroidManifest.xml:21:5-81
61            android:name="notch.config"
61-->src/main/AndroidManifest.xml:21:16-43
62            android:value="portrait|landscape" />
62-->src/main/AndroidManifest.xml:21:44-78
63        <meta-data
63-->src/main/AndroidManifest.xml:22:5-84
64            android:name="unity.auto-report-fully-drawn"
64-->src/main/AndroidManifest.xml:22:16-60
65            android:value="true" />
65-->src/main/AndroidManifest.xml:22:61-81
66
67        <activity
67-->src/main/AndroidManifest.xml:23:5-31:16
68            android:name="com.unity3d.player.UnityPlayerActivity"
68-->src/main/AndroidManifest.xml:23:222-275
69            android:configChanges="keyboard|keyboardHidden|navigation|orientation|screenLayout|screenSize|uiMode|density"
69-->src/main/AndroidManifest.xml:23:80-189
70            android:excludeFromRecents="true"
70-->src/main/AndroidManifest.xml:23:276-309
71            android:exported="true"
71-->src/main/AndroidManifest.xml:23:310-333
72            android:launchMode="singleTask"
72-->src/main/AndroidManifest.xml:23:190-221
73            android:resizeableActivity="false"
73-->src/main/AndroidManifest.xml:23:372-406
74            android:screenOrientation="landscape"
74-->src/main/AndroidManifest.xml:23:334-371
75            android:theme="@android:style/Theme.Black.NoTitleBar.Fullscreen" >
75-->src/main/AndroidManifest.xml:23:15-79
76            <intent-filter>
76-->src/main/AndroidManifest.xml:24:7-28:23
77                <category android:name="android.intent.category.LAUNCHER" />
77-->src/main/AndroidManifest.xml:25:9-69
77-->src/main/AndroidManifest.xml:25:19-66
78
79                <action android:name="android.intent.action.MAIN" />
79-->src/main/AndroidManifest.xml:26:9-61
79-->src/main/AndroidManifest.xml:26:17-58
80
81                <category android:name="com.oculus.intent.category.VR" />
81-->src/main/AndroidManifest.xml:27:9-66
81-->src/main/AndroidManifest.xml:27:19-63
82            </intent-filter>
83
84            <meta-data
84-->src/main/AndroidManifest.xml:29:7-70
85                android:name="notch_support"
85-->src/main/AndroidManifest.xml:29:18-46
86                android:value="true" />
86-->src/main/AndroidManifest.xml:29:47-67
87            <meta-data
87-->src/main/AndroidManifest.xml:30:7-81
88                android:name="com.oculus.vr.focusaware"
88-->src/main/AndroidManifest.xml:30:18-57
89                android:value="true" />
89-->src/main/AndroidManifest.xml:30:58-78
90        </activity>
91
92        <meta-data
92-->src/main/AndroidManifest.xml:32:5-90
93            android:name="com.unity.xr.oculus.LowOverheadMode"
93-->src/main/AndroidManifest.xml:32:16-66
94            android:value="true" />
94-->src/main/AndroidManifest.xml:32:67-87
95        <meta-data
95-->src/main/AndroidManifest.xml:33:5-88
96            android:name="com.unity.xr.oculus.LateLatching"
96-->src/main/AndroidManifest.xml:33:16-63
97            android:value="false" />
97-->src/main/AndroidManifest.xml:33:64-85
98        <meta-data
98-->src/main/AndroidManifest.xml:34:5-93
99            android:name="com.unity.xr.oculus.LateLatchingDebug"
99-->src/main/AndroidManifest.xml:34:16-68
100            android:value="false" />
100-->src/main/AndroidManifest.xml:34:69-90
101        <meta-data
101-->src/main/AndroidManifest.xml:35:5-84
102            android:name="com.oculus.supportedDevices"
102-->src/main/AndroidManifest.xml:35:16-58
103            android:value="quest2" />
103-->src/main/AndroidManifest.xml:35:59-81
104    </application>
105
106</manifest>